<?xml version="1.0" encoding="UTF-8"?>
<testng-results ignored="0" total="2" passed="2" failed="0" skipped="0">
  <reporter-output>
  </reporter-output>
  <suite started-at="2023-03-23T01:53:47 IST" name="Default suite" finished-at="2023-03-23T01:55:22 IST" duration-ms="94742">
    <groups>
      <group name="cucumber">
        <method signature="AbstractTestNGCucumberTests.runScenario(io.cucumber.testng.PickleWrapper,io.cucumber.testng.FeatureWrapper)[pri:0, instance:ZoomInfo.ChatBotTesting.TestRunner@53045c6c]" name="runScenario" class="io.cucumber.testng.AbstractTestNGCucumberTests"/>
      </group> <!-- cucumber -->
    </groups>
    <test started-at="2023-03-23T01:53:47 IST" name="Default test" finished-at="2023-03-23T01:55:22 IST" duration-ms="94742">
      <class name="ZoomInfo.ChatBotTesting.TestRunner">
        <test-method is-config="true" signature="setUpClass(org.testng.ITestContext)[pri:0, instance:ZoomInfo.ChatBotTesting.TestRunner@53045c6c]" started-at="2023-03-23T01:53:47 IST" name="setUpClass" finished-at="2023-03-23T01:53:48 IST" duration-ms="1012" status="PASS">
          <params>
            <param index="0">
              <value>
                <![CDATA[org.testng.TestRunner@1cd2ff5b]]>
              </value>
            </param>
          </params>
          <reporter-output>
          </reporter-output>
        </test-method> <!-- setUpClass -->
        <test-method signature="runScenario(io.cucumber.testng.PickleWrapper,io.cucumber.testng.FeatureWrapper)[pri:0, instance:ZoomInfo.ChatBotTesting.TestRunner@53045c6c]" started-at="2023-03-23T01:53:48 IST" name="runScenario" description="Runs Cucumber Scenarios" data-provider="scenarios" finished-at="2023-03-23T01:54:26 IST" duration-ms="38543" status="PASS">
          <params>
            <param index="0">
              <value>
                <![CDATA["User is able to provide all the details"]]>
              </value>
            </param>
            <param index="1">
              <value>
                <![CDATA["Chat bot intraction with user"]]>
              </value>
            </param>
          </params>
          <reporter-output>
          </reporter-output>
        </test-method> <!-- runScenario -->
        <test-method signature="runScenario(io.cucumber.testng.PickleWrapper,io.cucumber.testng.FeatureWrapper)[pri:0, instance:ZoomInfo.ChatBotTesting.TestRunner@53045c6c]" started-at="2023-03-23T01:54:26 IST" name="runScenario" description="Runs Cucumber Scenarios" data-provider="scenarios" finished-at="2023-03-23T01:55:21 IST" duration-ms="54989" status="PASS">
          <params>
            <param index="0">
              <value>
                <![CDATA["Explore chat bot with all possible flow"]]>
              </value>
            </param>
            <param index="1">
              <value>
                <![CDATA["Chat bot intraction with user"]]>
              </value>
            </param>
          </params>
          <reporter-output>
          </reporter-output>
        </test-method> <!-- runScenario -->
        <test-method is-config="true" signature="tearDownClass()[pri:0, instance:ZoomInfo.ChatBotTesting.TestRunner@53045c6c]" started-at="2023-03-23T01:55:21 IST" name="tearDownClass" finished-at="2023-03-23T01:55:22 IST" duration-ms="92" status="PASS">
          <reporter-output>
          </reporter-output>
        </test-method> <!-- tearDownClass -->
      </class> <!-- ZoomInfo.ChatBotTesting.TestRunner -->
    </test> <!-- Default test -->
  </suite> <!-- Default suite -->
</testng-results>
